0 info it worked if it ends with ok
1 verbose cli [
1 verbose cli   'C:\\Program Files\\nodejs\\node.exe',
1 verbose cli   'C:\\Program Files\\nodejs\\node_modules\\npm\\bin\\npm-cli.js',
1 verbose cli   'run-script',
1 verbose cli   'start'
1 verbose cli ]
2 info using npm@6.14.8
3 info using node@v14.15.1
4 verbose run-script [ 'prestart', 'start', 'poststart' ]
5 info lifecycle @gastromatic/movie-test-api@1.0.0~prestart: @gastromatic/movie-test-api@1.0.0
6 info lifecycle @gastromatic/movie-test-api@1.0.0~start: @gastromatic/movie-test-api@1.0.0
7 verbose lifecycle @gastromatic/movie-test-api@1.0.0~start: unsafe-perm in lifecycle true
8 verbose lifecycle @gastromatic/movie-test-api@1.0.0~start: PATH: C:\Program Files\nodejs\node_modules\npm\node_modules\npm-lifecycle\node-gyp-bin;c:\Projects\Work\Movie Share App - Gastromatic\fliek-api\node_modules\.bin;C:\Python39\Scripts\;C:\Python39\;C:\windows\system32;C:\windows;C:\windows\System32\Wbem;C:\windows\System32\WindowsPowerShell\v1.0\;C:\windows\System32\OpenSSH\;C:\Program Files\Git\cmd;C:\Program Files\nodejs\;C:\ProgramData\chocolatey\bin;;C:\Program Files\Symfony;C:\wamp64\bin\php\php7.4.9;C:\composer;C:\Program Files\Docker\Docker\resources\bin;C:\ProgramData\DockerDesktop\version-bin;C:\Program Files\MySQL\MySQL Shell 8.0\bin\;C:\Users\Ettore Raimondi\AppData\Local\Microsoft\WindowsApps;C:\Users\Ettore Raimondi\AppData\Local\Programs\Microsoft VS Code\bin;C:\Users\Ettore Raimondi\AppData\Roaming\npm;C:\Users\Ettore Raimondi\AppData\Roaming\Composer\vendor\bin;C:\sqlite3;
9 verbose lifecycle @gastromatic/movie-test-api@1.0.0~start: CWD: c:\Projects\Work\Movie Share App - Gastromatic\fliek-api
10 silly lifecycle @gastromatic/movie-test-api@1.0.0~start: Args: [ '/d /s /c', 'ts-node src/server.ts' ]
11 silly lifecycle @gastromatic/movie-test-api@1.0.0~start: Returned: code: 1  signal: null
12 info lifecycle @gastromatic/movie-test-api@1.0.0~start: Failed to exec start script
13 verbose stack Error: @gastromatic/movie-test-api@1.0.0 start: `ts-node src/server.ts`
13 verbose stack Exit status 1
13 verbose stack     at EventEmitter.<anonymous> (C:\Program Files\nodejs\node_modules\npm\node_modules\npm-lifecycle\index.js:332:16)
13 verbose stack     at EventEmitter.emit (events.js:315:20)
13 verbose stack     at ChildProcess.<anonymous> (C:\Program Files\nodejs\node_modules\npm\node_modules\npm-lifecycle\lib\spawn.js:55:14)
13 verbose stack     at ChildProcess.emit (events.js:315:20)
13 verbose stack     at maybeClose (internal/child_process.js:1048:16)
13 verbose stack     at Process.ChildProcess._handle.onexit (internal/child_process.js:288:5)
13 verbose stack     at Process.callbackTrampoline (internal/async_hooks.js:129:14)
14 verbose pkgid @gastromatic/movie-test-api@1.0.0
15 verbose cwd c:\Projects\Work\Movie Share App - Gastromatic\fliek-api
16 verbose Windows_NT 10.0.19042
17 verbose argv "C:\\Program Files\\nodejs\\node.exe" "C:\\Program Files\\nodejs\\node_modules\\npm\\bin\\npm-cli.js" "run-script" "start"
18 verbose node v14.15.1
19 verbose npm  v6.14.8
20 error code ELIFECYCLE
21 error errno 1
22 error @gastromatic/movie-test-api@1.0.0 start: `ts-node src/server.ts`
22 error Exit status 1
23 error Failed at the @gastromatic/movie-test-api@1.0.0 start script.
23 error This is probably not a problem with npm. There is likely additional logging output above.
24 verbose exit [ 1, true ]
